2020-04-13 19:36:56 [INFO]:	trying to add items to store: "65de65b4-bea1-4168-8105-a9de042e9f45" by user: "8809b68a-3b19-4ca0-aea8-01d5079cc955"
2020-04-13 19:36:56 [INFO]:	trying to add items to store: "8098f159-0fbd-4c5a-9930-53ae26ca2cca" by user: "6046dd6f-517e-43df-97ba-dcdf9abf8a52"
2020-04-13 19:36:56 [WARN]:	User is not logged in.
2020-04-13 19:36:56 [INFO]:	trying to add items to store: "bdded53f-7aa7-4f6c-8a3a-e27e05351f2a" by user: "dc5fbce6-5abe-4660-8a68-7e7bad860d6e"
2020-04-13 19:36:56 [INFO]:	trying to remove items from store: "d9e92cca-f996-4571-aca7-04edd4d3629b" by user: "f8a3f773-a871-4240-b5a4-879cf622a435"
2020-04-13 19:36:56 [INFO]:	trying to remove items from store: "5da40da1-d8ff-48b1-b675-184550ce111b" by user: "cd1653b6-cb7f-459d-8589-a8c58b535d70"
2020-04-13 19:36:56 [WARN]:	User is not logged in.
2020-04-13 19:36:56 [INFO]:	trying to remove items from store: "16ca474e-141c-44cf-96a7-221186110b1e" by user: "e847a94f-5718-415d-9099-eef23b330b39"
2020-04-13 19:36:56 [INFO]:	trying to remove items to store: "f941a9ad-07cd-45ab-9112-1e1a720110dc" from user: "9caa962c-cd19-4315-8894-391a23bd5b00"
2020-04-13 19:36:56 [INFO]:	trying to remove items to store: "9c88f273-fc0f-4513-8f8f-442a5f03e922" from user: "5036f34b-3c0a-4797-9be1-1c46fe8c38de"
2020-04-13 19:36:56 [WARN]:	User is not logged in.
2020-04-13 19:36:56 [INFO]:	trying to remove items to store: "49299176-9343-4787-8d1b-c4c1fe68d87f" from user: "47f9c7f0-f06b-40d7-b2c2-f99a76e0da45"
2020-04-13 19:36:56 [WARN]:	User is not logged in.
2020-04-13 19:36:56 [INFO]:	trying to add products to store: "d594d18b-2b78-49a1-99c3-1f1978c9c8bd" by user: "cf2b9703-07e9-4ff7-8980-c8554f159e57"
2020-04-13 19:36:56 [INFO]:	trying to add products to store: "417dac7c-5164-45ef-9682-57304a5763c8" by user: "0f7176be-a2fa-4f05-b361-addd4cbf13df"
2020-04-13 19:36:56 [WARN]:	User is not logged in.
2020-04-13 19:36:56 [INFO]:	trying to add products to store: "b1983036-e1bd-4c5a-87f6-c433bcc4d257" by user: "0a8786f1-42d6-4851-83ff-df3277a073b7"
2020-04-13 19:36:56 [INFO]:	trying to remove products from store: "badb0d43-d6c0-4884-bdba-0af084e47685" by user: "7f1a1c8f-8530-4790-b2d6-e7755912130c"
2020-04-13 19:36:56 [INFO]:	trying to remove products from store: "d4330193-79da-434a-9a53-9d9fafb46eb6" by user: "ee578acb-c97e-483d-a755-de12ab9c1e3e"
2020-04-13 19:36:56 [WARN]:	User is not logged in.
2020-04-13 19:36:56 [INFO]:	trying to remove products from store: "331249e1-fcdd-48c9-9456-27e0210bda08" by user: "f51b67e5-34d4-4a76-95f3-fd833c4bd7ce"
2020-04-13 19:36:56 [INFO]:	Trying to connect to delivery system
2020-04-13 19:36:56 [INFO]:	Trying to connect to delivery system
2020-04-13 19:36:56 [INFO]:	Trying to connect to payment system
2020-04-13 19:36:56 [INFO]:	Trying to connect to payment system
2020-04-13 19:36:56 [INFO]:	user 1 trying set 123 as an admin
2020-04-13 19:36:56 [INFO]:	user 1 trying set 123 as an admin
2020-04-13 19:48:44 [INFO]:	user 1 trying open store: new store
2020-04-13 19:48:54 [INFO]:	user 1 trying open store: new store
2020-04-13 19:56:35 [INFO]:	user 1 trying open store: new store
2020-04-13 19:57:38 [INFO]:	user 1 trying open store: new store
2020-04-13 19:58:46 [INFO]:	user 1 trying open store: new store
2020-04-13 20:00:00 [INFO]:	user 1 trying open store: new store
2020-04-13 20:00:08 [INFO]:	user 1 trying open store: new store
